<?xml version="1.0" encoding="UTF-8"?>
<!-- Generated by org.testng.reporters.JUnitXMLReporter -->
<testsuite hostname="windows7-PC" ignored="0" name="Default test" tests="3" failures="0" timestamp="04 Apr 2020 14:22:13 GMT" time="88.986" errors="0">
  <testcase name="test1" time="34.749" classname="Java_4_Automation.Test_Website_Excel_Read"/>
  <testcase name="test1" time="15.453" classname="Java_4_Automation.Test_Website_Excel_Read"/>
  <testcase name="test1" time="15.497" classname="Java_4_Automation.Test_Website_Excel_Read"/>
</testsuite> <!-- Default test -->
